Determining if the pthread_create exist failed with the following output:
Change Dir: /home/ubuntu/Desktop/casablanca/Release/build.debug/CMakeFiles/CMakeTmp

Run Build Command:"/usr/bin/make" "cmTC_91b2c/fast"
/usr/bin/make -f CMakeFiles/cmTC_91b2c.dir/build.make CMakeFiles/cmTC_91b2c.dir/build
make[1]: Entering directory '/home/ubuntu/Desktop/casablanca/Release/build.debug/CMakeFiles/CMakeTmp'
Building C object CMakeFiles/cmTC_91b2c.dir/CheckSymbolExists.c.o
/usr/bin/cc     -o CMakeFiles/cmTC_91b2c.dir/CheckSymbolExists.c.o   -c /home/ubuntu/Desktop/casablanca/Release/build.debug/CMakeFiles/CMakeTmp/CheckSymbolExists.c
Linking C executable cmTC_91b2c
/usr/bin/cmake -E cmake_link_script CMakeFiles/cmTC_91b2c.dir/link.txt --verbose=1
/usr/bin/cc       CMakeFiles/cmTC_91b2c.dir/CheckSymbolExists.c.o  -o cmTC_91b2c -rdynamic 
CMakeFiles/cmTC_91b2c.dir/CheckSymbolExists.c.o: In function `main':
CheckSymbolExists.c:(.text+0x16): undefined reference to `pthread_create'
collect2: error: ld returned 1 exit status
CMakeFiles/cmTC_91b2c.dir/build.make:97: recipe for target 'cmTC_91b2c' failed
make[1]: *** [cmTC_91b2c] Error 1
make[1]: Leaving directory '/home/ubuntu/Desktop/casablanca/Release/build.debug/CMakeFiles/CMakeTmp'
Makefile:126: recipe for target 'cmTC_91b2c/fast' failed
make: *** [cmTC_91b2c/fast] Error 2

File /home/ubuntu/Desktop/casablanca/Release/build.debug/CMakeFiles/CMakeTmp/CheckSymbolExists.c:
/* */
#include <pthread.h>

int main(int argc, char** argv)
{
  (void)argv;
#ifndef pthread_create
  return ((int*)(&pthread_create))[argc];
#else
  (void)argc;
  return 0;
#endif
}

Determining if the function pthread_create exists in the pthreads failed with the following output:
Change Dir: /home/ubuntu/Desktop/casablanca/Release/build.debug/CMakeFiles/CMakeTmp

Run Build Command:"/usr/bin/make" "cmTC_41231/fast"
/usr/bin/make -f CMakeFiles/cmTC_41231.dir/build.make CMakeFiles/cmTC_41231.dir/build
make[1]: Entering directory '/home/ubuntu/Desktop/casablanca/Release/build.debug/CMakeFiles/CMakeTmp'
Building C object CMakeFiles/cmTC_41231.dir/CheckFunctionExists.c.o
/usr/bin/cc    -DCHECK_FUNCTION_EXISTS=pthread_create   -o CMakeFiles/cmTC_41231.dir/CheckFunctionExists.c.o   -c /usr/share/cmake-3.5/Modules/CheckFunctionExists.c
Linking C executable cmTC_41231
/usr/bin/cmake -E cmake_link_script CMakeFiles/cmTC_41231.dir/link.txt --verbose=1
/usr/bin/cc   -DCHECK_FUNCTION_EXISTS=pthread_create    CMakeFiles/cmTC_41231.dir/CheckFunctionExists.c.o  -o cmTC_41231 -rdynamic -lpthreads 
/usr/bin/ld: cannot find -lpthreads
collect2: error: ld returned 1 exit status
CMakeFiles/cmTC_41231.dir/build.make:97: recipe for target 'cmTC_41231' failed
make[1]: *** [cmTC_41231] Error 1
make[1]: Leaving directory '/home/ubuntu/Desktop/casablanca/Release/build.debug/CMakeFiles/CMakeTmp'
Makefile:126: recipe for target 'cmTC_41231/fast' failed
make: *** [cmTC_41231/fast] Error 2


